<?xml version="1.0" encoding="UTF-8"?>
<!-- Generated by org.testng.reporters.JUnitXMLReporter -->
<testsuite ignored="0" hostname="DESKTOP-RDV2KSL" failures="1" tests="1" name="resolution1366x768" time="19.893" errors="0" timestamp="2025-02-22T06:37:51 PST">
  <testcase classname="autotests.e2e.PicsartE2ETest" name="m" time="18.102">
    <failure type="org.openqa.selenium.ElementClickInterceptedException" message="element click intercepted: Element &amp;lt;iframe src=&amp;quot;https://c0ce1f82e762a3d5ed85243bb7c1c8d94a1284d2.miniapps-webapps.picsart.com/?platform_version=v9&amp;amp;amp;platform=web&amp;amp;amp;theme=light&amp;quot; id=&amp;quot;c1619ae7-bb31-41cb-a5a0-37fa8ef10e5e-miniapp-frame-com.picsart.social.search&amp;quot; title=&amp;quot;Mini app SDK&amp;quot; data-testid=&amp;quot;com.picsart.social.search&amp;quot; allow=&amp;quot;camera; microphone; autoplay; fullscreen; clipboard-write; clipboard-read; geolocation&amp;quot; style=&amp;quot;position: absolute; width: 100%; height: 100%; top: 0px; left: 0px;&amp;quot; cd_frame_id_=&amp;quot;e61e4d0866e52c1a9697e2e750053c13&amp;quot;&amp;gt;&amp;lt;/iframe&amp;gt; is not clickable at point (210, 506). Other element would receive the click: &amp;lt;h2 id=&amp;quot;onetrust-policy-title&amp;quot;&amp;gt;...&amp;lt;/h2&amp;gt;
  (Session info: chrome=133.0.6943.98)
Build info: version: &amp;apos;3.141.59&amp;apos;, revision: &amp;apos;e82be7d358&amp;apos;, time: &amp;apos;2018-11-14T08:17:03&amp;apos;
System info: host: &amp;apos;DESKTOP-RDV2KSL&amp;apos;, ip: &amp;apos;192.168.8.110&amp;apos;, os.name: &amp;apos;Windows 10&amp;apos;, os.arch: &amp;apos;amd64&amp;apos;, os.version: &amp;apos;10.0&amp;apos;, java.version: &amp;apos;23.0.1&amp;apos;
Driver info: org.openqa.selenium.chrome.ChromeDriver
Capabilities {acceptInsecureCerts: false, browserName: chrome, browserVersion: 133.0.6943.98, chrome: {chromedriverVersion: 133.0.6943.126 (cffa127ce7b..., userDataDir: C:\Users\Ani\AppData\Local\...}, fedcm:accounts: true, goog:chromeOptions: {debuggerAddress: localhost:53242}, javascriptEnabled: true, networkConnectionEnabled: false, pageLoadStrategy: normal, platform: WINDOWS, platformName: WINDOWS, proxy: Proxy(), setWindowRect: true, strictFileInteractability: false, timeouts: {implicit: 0, pageLoad: 300000, script: 30000}, unhandledPromptBehavior: dismiss and notify, webauthn:extension:credBlob: true, webauthn:extension:largeBlob: true, webauthn:extension:minPinLength: true, webauthn:extension:prf: true, webauthn:virtualAuthenticators: true}
Session ID: 2be604b936b0036638da6e0c37b9ebd8">
      <![CDATA[org.openqa.selenium.ElementClickInterceptedException: element click intercepted: Element <iframe src="https://c0ce1f82e762a3d5ed85243bb7c1c8d94a1284d2.miniapps-webapps.picsart.com/?platform_version=v9&amp;platform=web&amp;theme=light" id="c1619ae7-bb31-41cb-a5a0-37fa8ef10e5e-miniapp-frame-com.picsart.social.search" title="Mini app SDK" data-testid="com.picsart.social.search" allow="camera; microphone; autoplay; fullscreen; clipboard-write; clipboard-read; geolocation" style="position: absolute; width: 100%; height: 100%; top: 0px; left: 0px;" cd_frame_id_="e61e4d0866e52c1a9697e2e750053c13"></iframe> is not clickable at point (210, 506). Other element would receive the click: <h2 id="onetrust-policy-title">...</h2>
  (Session info: chrome=133.0.6943.98)
Build info: version: '3.141.59', revision: 'e82be7d358', time: '2018-11-14T08:17:03'
System info: host: 'DESKTOP-RDV2KSL', ip: '192.168.8.110', os.name: 'Windows 10', os.arch: 'amd64', os.version: '10.0', java.version: '23.0.1'
Driver info: org.openqa.selenium.chrome.ChromeDriver
Capabilities {acceptInsecureCerts: false, browserName: chrome, browserVersion: 133.0.6943.98, chrome: {chromedriverVersion: 133.0.6943.126 (cffa127ce7b..., userDataDir: C:\Users\Ani\AppData\Local\...}, fedcm:accounts: true, goog:chromeOptions: {debuggerAddress: localhost:53242}, javascriptEnabled: true, networkConnectionEnabled: false, pageLoadStrategy: normal, platform: WINDOWS, platformName: WINDOWS, proxy: Proxy(), setWindowRect: true, strictFileInteractability: false, timeouts: {implicit: 0, pageLoad: 300000, script: 30000}, unhandledPromptBehavior: dismiss and notify, webauthn:extension:credBlob: true, webauthn:extension:largeBlob: true, webauthn:extension:minPinLength: true, webauthn:extension:prf: true, webauthn:virtualAuthenticators: true}
Session ID: 2be604b936b0036638da6e0c37b9ebd8
at org.openqa.selenium.remote.http.W3CHttpResponseCodec.createException(W3CHttpResponseCodec.java:187)
at org.openqa.selenium.remote.http.W3CHttpResponseCodec.decode(W3CHttpResponseCodec.java:122)
at org.openqa.selenium.remote.http.W3CHttpResponseCodec.decode(W3CHttpResponseCodec.java:49)
at org.openqa.selenium.remote.HttpCommandExecutor.execute(HttpCommandExecutor.java:158)
at org.openqa.selenium.remote.service.DriverCommandExecutor.execute(DriverCommandExecutor.java:83)
at org.openqa.selenium.remote.RemoteWebDriver.execute(RemoteWebDriver.java:552)
at org.openqa.selenium.remote.RemoteWebElement.execute(RemoteWebElement.java:285)
at org.openqa.selenium.remote.RemoteWebElement.click(RemoteWebElement.java:84)
at org.openqa.selenium.support.pagefactory.internal.LocatingElementHandler.invoke(LocatingElementHandler.java:51)
at jdk.proxy2/jdk.proxy2.$Proxy9.click(Unknown Source)
at framework.pages.SearchResultsPage.clickOnPersonalCheckbox(SearchResultsPage.java:47)
at autotests.e2e.PicsartE2ETest.m(PicsartE2ETest.java:19)
at java.base/java.util.concurrent.Executors$RunnableAdapter.call(Executors.java:572)
at java.base/java.util.concurrent.FutureTask.run(FutureTask.java:317)
at java.base/java.util.concurrent.ThreadPoolExecutor.runWorker(ThreadPoolExecutor.java:1144)
at java.base/java.util.concurrent.ThreadPoolExecutor$Worker.run(ThreadPoolExecutor.java:642)
at java.base/java.lang.Thread.run(Thread.java:1575)
... Removed 16 stack frames]]>
    </failure>
  </testcase> <!-- m -->
</testsuite> <!-- resolution1366x768 -->
